  main.cpp
C:\Users\86135\Desktop\text\main.h(215,27): warning C4305: “初始化”: 从“double”到“float”截断
C:\Users\86135\Desktop\text\main.h(216,27): warning C4305: “初始化”: 从“double”到“float”截断
C:\Users\86135\Desktop\text\main.h(217,27): warning C4305: “初始化”: 从“double”到“float”截断
C:\Users\86135\Desktop\text\main.h(218,26): warning C4305: “初始化”: 从“double”到“float”截断
C:\Users\86135\Desktop\text\main.h(219,26): warning C4305: “初始化”: 从“double”到“float”截断
C:\Users\86135\Desktop\text\main.h(220,26): warning C4305: “初始化”: 从“double”到“float”截断
C:\Users\86135\Desktop\text\main.h(300,31): warning C4267: “初始化”: 从“size_t”转换到“int”，可能丢失数据
C:\Users\86135\Desktop\text\main.h(367,27): warning C4267: “初始化”: 从“size_t”转换到“int”，可能丢失数据
C:\Users\86135\Desktop\text\main.h(454,16): warning C4244: “初始化”: 从“double”转换到“float”，可能丢失数据
C:\Users\86135\Desktop\text\main.h(463,17): warning C4244: “初始化”: 从“double”转换到“float”，可能丢失数据
C:\Users\86135\Desktop\text\main.h(510,14): warning C4244: “初始化”: 从“double”转换到“float”，可能丢失数据
C:\Users\86135\Desktop\text\main.h(570,10): warning C4244: “初始化”: 从“__int64”转换到“int”，可能丢失数据
C:\Users\86135\Desktop\text\main.h(572,10): warning C4244: “初始化”: 从“__int64”转换到“int”，可能丢失数据
C:\Users\86135\Desktop\text\main.h(612,1): warning C4267: “=”: 从“size_t”转换到“int”，可能丢失数据
C:\Users\86135\Desktop\text\main.h(641,1): warning C4267: “参数”: 从“size_t”转换到“GLsizei”，可能丢失数据
C:\Users\86135\Desktop\text\main.h(704,1): warning C4267: “参数”: 从“size_t”转换到“GLsizei”，可能丢失数据
C:\Users\86135\Desktop\text\main.cpp(101,20): warning C4305: “=”: 从“double”到“float”截断
C:\Users\86135\Desktop\text\main.cpp(102,18): warning C4305: “=”: 从“double”到“float”截断
C:\Users\86135\Desktop\text\main.cpp(108,35): warning C4267: “初始化”: 从“size_t”转换到“int”，可能丢失数据
C:\Users\86135\Desktop\text\main.cpp(120,62): warning C4267: “参数”: 从“size_t”转换到“int”，可能丢失数据
C:\Users\86135\Desktop\text\main.cpp(121,27): warning C4267: “初始化”: 从“size_t”转换到“int”，可能丢失数据
C:\Users\86135\Desktop\text\main.cpp(218,81): warning C4267: “参数”: 从“size_t”转换到“GLint”，可能丢失数据
C:\Users\86135\Desktop\text\main.cpp(219,73): warning C4267: “参数”: 从“size_t”转换到“GLint”，可能丢失数据
C:\Users\86135\Desktop\text\main.cpp(481,40): warning C4244: “+=”: 从“double”转换到“float”，可能丢失数据
C:\Users\86135\Desktop\text\main.cpp(482,37): warning C4244: “+=”: 从“double”转换到“float”，可能丢失数据
C:\Users\86135\Desktop\text\main.cpp(485,11): warning C4244: “=”: 从“double”转换到“float”，可能丢失数据
C:\Users\86135\Desktop\text\main.cpp(485,22): warning C4244: “=”: 从“double”转换到“float”，可能丢失数据
C:\Users\86135\Desktop\text\main.cpp(497,11): warning C4244: “=”: 从“double”转换到“float”，可能丢失数据
C:\Users\86135\Desktop\text\main.cpp(497,25): warning C4244: “=”: 从“double”转换到“float”，可能丢失数据
C:\Users\86135\Desktop\text\main.cpp(506,21): warning C4244: “+=”: 从“double”转换到“float”，可能丢失数据
  正在生成代码
  1 of 884 functions ( 0.1%) were compiled, the rest were copied from previous compilation.
    0 functions were new in current compilation
    2 functions had inline decision re-evaluated but remain unchanged
  已完成代码的生成
  ConsoleApplication1.vcxproj -> C:\Users\86135\Desktop\text\x64\Release\ConsoleApplication1.exe
