  GPU_raytracing.cpp
C:\Users\86135\Desktop\GPU_raytracing\GPU_raytracing.cpp(109,1): warning C4267: “=”: 从“size_t”转换到“int”，可能丢失数据
C:\Users\86135\Desktop\GPU_raytracing\GPU_raytracing.cpp(138,1): warning C4267: “参数”: 从“size_t”转换到“GLsizei”，可能丢失数据
C:\Users\86135\Desktop\GPU_raytracing\GPU_raytracing.cpp(201,1): warning C4267: “参数”: 从“size_t”转换到“GLsizei”，可能丢失数据
C:\Users\86135\Desktop\GPU_raytracing\GPU_raytracing.cpp(431,27): warning C4305: “初始化”: 从“double”到“float”截断
C:\Users\86135\Desktop\GPU_raytracing\GPU_raytracing.cpp(432,27): warning C4305: “初始化”: 从“double”到“float”截断
C:\Users\86135\Desktop\GPU_raytracing\GPU_raytracing.cpp(433,27): warning C4305: “初始化”: 从“double”到“float”截断
C:\Users\86135\Desktop\GPU_raytracing\GPU_raytracing.cpp(434,26): warning C4305: “初始化”: 从“double”到“float”截断
C:\Users\86135\Desktop\GPU_raytracing\GPU_raytracing.cpp(435,26): warning C4305: “初始化”: 从“double”到“float”截断
C:\Users\86135\Desktop\GPU_raytracing\GPU_raytracing.cpp(436,26): warning C4305: “初始化”: 从“double”到“float”截断
C:\Users\86135\Desktop\GPU_raytracing\GPU_raytracing.cpp(516,31): warning C4267: “初始化”: 从“size_t”转换到“int”，可能丢失数据
C:\Users\86135\Desktop\GPU_raytracing\GPU_raytracing.cpp(583,27): warning C4267: “初始化”: 从“size_t”转换到“int”，可能丢失数据
C:\Users\86135\Desktop\GPU_raytracing\GPU_raytracing.cpp(642,27): warning C4267: “初始化”: 从“size_t”转换到“int”，可能丢失数据
C:\Users\86135\Desktop\GPU_raytracing\GPU_raytracing.cpp(729,16): warning C4244: “初始化”: 从“double”转换到“float”，可能丢失数据
C:\Users\86135\Desktop\GPU_raytracing\GPU_raytracing.cpp(738,17): warning C4244: “初始化”: 从“double”转换到“float”，可能丢失数据
C:\Users\86135\Desktop\GPU_raytracing\GPU_raytracing.cpp(784,14): warning C4244: “初始化”: 从“double”转换到“float”，可能丢失数据
C:\Users\86135\Desktop\GPU_raytracing\GPU_raytracing.cpp(844,10): warning C4244: “初始化”: 从“__int64”转换到“int”，可能丢失数据
C:\Users\86135\Desktop\GPU_raytracing\GPU_raytracing.cpp(846,10): warning C4244: “初始化”: 从“__int64”转换到“int”，可能丢失数据
C:\Users\86135\Desktop\GPU_raytracing\GPU_raytracing.cpp(1098,39): warning C4244: “+=”: 从“double”转换到“float”，可能丢失数据
C:\Users\86135\Desktop\GPU_raytracing\GPU_raytracing.cpp(1099,36): warning C4244: “+=”: 从“double”转换到“float”，可能丢失数据
C:\Users\86135\Desktop\GPU_raytracing\GPU_raytracing.cpp(1116,23): warning C4244: “+=”: 从“double”转换到“float”，可能丢失数据
C:\Users\86135\Desktop\GPU_raytracing\GPU_raytracing.cpp(1158,20): warning C4305: “=”: 从“double”到“float”截断
C:\Users\86135\Desktop\GPU_raytracing\GPU_raytracing.cpp(1159,18): warning C4305: “=”: 从“double”到“float”截断
C:\Users\86135\Desktop\GPU_raytracing\GPU_raytracing.cpp(1168,35): warning C4267: “初始化”: 从“size_t”转换到“int”，可能丢失数据
C:\Users\86135\Desktop\GPU_raytracing\GPU_raytracing.cpp(1180,62): warning C4267: “参数”: 从“size_t”转换到“int”，可能丢失数据
C:\Users\86135\Desktop\GPU_raytracing\GPU_raytracing.cpp(1181,27): warning C4267: “初始化”: 从“size_t”转换到“int”，可能丢失数据
C:\Users\86135\Desktop\GPU_raytracing\GPU_raytracing.cpp(1270,81): warning C4267: “参数”: 从“size_t”转换到“GLint”，可能丢失数据
C:\Users\86135\Desktop\GPU_raytracing\GPU_raytracing.cpp(1271,73): warning C4267: “参数”: 从“size_t”转换到“GLint”，可能丢失数据
  正在生成代码
  1 of 1341 functions (<0.1%) were compiled, the rest were copied from previous compilation.
    0 functions were new in current compilation
    6 functions had inline decision re-evaluated but remain unchanged
  已完成代码的生成
  GPU_raytracing.vcxproj -> C:\Users\86135\Desktop\GPU_raytracing\x64\Release\GPU_raytracing.exe
