c:\users\86135\desktop\text\x64\release\vc142.pdb
c:\users\86135\desktop\text\x64\release\hdrloader.obj
c:\users\86135\desktop\text\x64\release\main.obj
c:\users\86135\desktop\gpu_raytracing\x64\release\vc142.pdb
c:\users\86135\desktop\gpu_raytracing\x64\release\hdrloader.obj
c:\users\86135\desktop\gpu_raytracing\x64\release\main.obj
c:\users\86135\desktop\gpu_raytracing\x64\release\imgui_impl_glfw.obj
c:\users\86135\desktop\gpu_raytracing\x64\release\imgui_impl_opengl3.obj
c:\users\86135\desktop\gpu_raytracing\x64\release\imgui_widgets.obj
c:\users\86135\desktop\gpu_raytracing\x64\release\imgui_tables.obj
c:\users\86135\desktop\gpu_raytracing\x64\release\imgui_draw.obj
c:\users\86135\desktop\gpu_raytracing\x64\release\imgui_demo.obj
c:\users\86135\desktop\gpu_raytracing\x64\release\imgui.obj
c:\users\86135\desktop\text\x64\release\path_tracing_denoise.exe
c:\users\86135\desktop\text\x64\release\path_tracing_denoise.pdb
c:\users\86135\desktop\gpu_raytracing\x64\release\path_tracing_denoise.exe
c:\users\86135\desktop\gpu_raytracing\x64\release\path_tracing_denoise.pdb
c:\users\86135\desktop\text\x64\release\path_tracing_denoise.ipdb
c:\users\86135\desktop\text\x64\release\path_tracing_denoise.iobj
c:\users\86135\desktop\text\x64\release\glfw3.dll
c:\users\86135\desktop\gpu_raytracing\x64\release\path_tracing_denoise.ipdb
c:\users\86135\desktop\gpu_raytracing\x64\release\path_tracing_denoise.iobj
c:\users\86135\desktop\gpu_raytracing\x64\release\camera.obj
c:\users\86135\desktop\gpu_raytracing\x64\release\consoleapplication1.obj
c:\users\86135\desktop\gpu_raytracing\x64\release\consoleapplication1.ipdb
c:\users\86135\desktop\gpu_raytracing\x64\release\consoleapplication1.iobj
c:\users\86135\desktop\gpu_raytracing\x64\release\consoleapplication1.pdb
c:\users\86135\desktop\gpu_raytracing\x64\release\path_tra.d6ec06ff.tlog\cl.command.1.tlog
c:\users\86135\desktop\gpu_raytracing\x64\release\path_tra.d6ec06ff.tlog\cl.read.1.tlog
c:\users\86135\desktop\gpu_raytracing\x64\release\path_tra.d6ec06ff.tlog\cl.write.1.tlog
c:\users\86135\desktop\gpu_raytracing\x64\release\path_tra.d6ec06ff.tlog\link.command.1.tlog
c:\users\86135\desktop\gpu_raytracing\x64\release\path_tra.d6ec06ff.tlog\link.read.1.tlog
c:\users\86135\desktop\gpu_raytracing\x64\release\path_tra.d6ec06ff.tlog\link.write.1.tlog
c:\users\86135\desktop\gpu_raytracing\x64\release\path_tra.d6ec06ff.tlog\path_tracing_denoise.write.1u.tlog
