  GPU_raytracing.cpp
C:\Users\86135\Desktop\GPU_raytracing\GPU_raytracing.cpp(185,27): warning C4305: “初始化”: 从“double”到“float”截断
C:\Users\86135\Desktop\GPU_raytracing\GPU_raytracing.cpp(186,27): warning C4305: “初始化”: 从“double”到“float”截断
C:\Users\86135\Desktop\GPU_raytracing\GPU_raytracing.cpp(187,27): warning C4305: “初始化”: 从“double”到“float”截断
C:\Users\86135\Desktop\GPU_raytracing\GPU_raytracing.cpp(188,26): warning C4305: “初始化”: 从“double”到“float”截断
C:\Users\86135\Desktop\GPU_raytracing\GPU_raytracing.cpp(189,26): warning C4305: “初始化”: 从“double”到“float”截断
C:\Users\86135\Desktop\GPU_raytracing\GPU_raytracing.cpp(190,26): warning C4305: “初始化”: 从“double”到“float”截断
C:\Users\86135\Desktop\GPU_raytracing\GPU_raytracing.cpp(204,21): warning C4018: “<”: 有符号/无符号不匹配
C:\Users\86135\Desktop\GPU_raytracing\GPU_raytracing.cpp(256,20): warning C4018: “<”: 有符号/无符号不匹配
C:\Users\86135\Desktop\GPU_raytracing\GPU_raytracing.cpp(269,20): warning C4018: “<”: 有符号/无符号不匹配
C:\Users\86135\Desktop\GPU_raytracing\GPU_raytracing.cpp(402,22): warning C4018: “<”: 有符号/无符号不匹配
C:\Users\86135\Desktop\GPU_raytracing\GPU_raytracing.cpp(416,21): warning C4018: “<”: 有符号/无符号不匹配
C:\Users\86135\Desktop\GPU_raytracing\GPU_raytracing.cpp(597,16): warning C4244: “初始化”: 从“double”转换到“float”，可能丢失数据
C:\Users\86135\Desktop\GPU_raytracing\GPU_raytracing.cpp(606,17): warning C4244: “初始化”: 从“double”转换到“float”，可能丢失数据
C:\Users\86135\Desktop\GPU_raytracing\GPU_raytracing.cpp(653,39): warning C4244: “+=”: 从“double”转换到“float”，可能丢失数据
C:\Users\86135\Desktop\GPU_raytracing\GPU_raytracing.cpp(654,36): warning C4244: “+=”: 从“double”转换到“float”，可能丢失数据
C:\Users\86135\Desktop\GPU_raytracing\GPU_raytracing.cpp(671,23): warning C4244: “+=”: 从“double”转换到“float”，可能丢失数据
  gui.cpp
  正在生成代码...
  GPU_raytracing.vcxproj -> C:\Users\86135\Desktop\GPU_raytracing\Debug\GPU_raytracing.exe
