  GPU_raytracing.cpp
C:\Users\86135\Desktop\GPU_raytracing\GPU_raytracing.cpp(108,1): warning C4267: “=”: 从“size_t”转换到“int”，可能丢失数据
C:\Users\86135\Desktop\GPU_raytracing\GPU_raytracing.cpp(137,1): warning C4267: “参数”: 从“size_t”转换到“GLsizei”，可能丢失数据
C:\Users\86135\Desktop\GPU_raytracing\GPU_raytracing.cpp(206,1): warning C4267: “参数”: 从“size_t”转换到“GLsizei”，可能丢失数据
C:\Users\86135\Desktop\GPU_raytracing\GPU_raytracing.cpp(435,27): warning C4305: “初始化”: 从“double”到“float”截断
C:\Users\86135\Desktop\GPU_raytracing\GPU_raytracing.cpp(436,27): warning C4305: “初始化”: 从“double”到“float”截断
C:\Users\86135\Desktop\GPU_raytracing\GPU_raytracing.cpp(437,27): warning C4305: “初始化”: 从“double”到“float”截断
C:\Users\86135\Desktop\GPU_raytracing\GPU_raytracing.cpp(438,26): warning C4305: “初始化”: 从“double”到“float”截断
C:\Users\86135\Desktop\GPU_raytracing\GPU_raytracing.cpp(439,26): warning C4305: “初始化”: 从“double”到“float”截断
C:\Users\86135\Desktop\GPU_raytracing\GPU_raytracing.cpp(440,26): warning C4305: “初始化”: 从“double”到“float”截断
C:\Users\86135\Desktop\GPU_raytracing\GPU_raytracing.cpp(520,31): warning C4267: “初始化”: 从“size_t”转换到“int”，可能丢失数据
C:\Users\86135\Desktop\GPU_raytracing\GPU_raytracing.cpp(587,27): warning C4267: “初始化”: 从“size_t”转换到“int”，可能丢失数据
C:\Users\86135\Desktop\GPU_raytracing\GPU_raytracing.cpp(646,27): warning C4267: “初始化”: 从“size_t”转换到“int”，可能丢失数据
C:\Users\86135\Desktop\GPU_raytracing\GPU_raytracing.cpp(733,16): warning C4244: “初始化”: 从“double”转换到“float”，可能丢失数据
C:\Users\86135\Desktop\GPU_raytracing\GPU_raytracing.cpp(742,17): warning C4244: “初始化”: 从“double”转换到“float”，可能丢失数据
C:\Users\86135\Desktop\GPU_raytracing\GPU_raytracing.cpp(788,14): warning C4244: “初始化”: 从“double”转换到“float”，可能丢失数据
C:\Users\86135\Desktop\GPU_raytracing\GPU_raytracing.cpp(848,10): warning C4244: “初始化”: 从“__int64”转换到“int”，可能丢失数据
C:\Users\86135\Desktop\GPU_raytracing\GPU_raytracing.cpp(850,10): warning C4244: “初始化”: 从“__int64”转换到“int”，可能丢失数据
C:\Users\86135\Desktop\GPU_raytracing\GPU_raytracing.cpp(1102,39): warning C4244: “+=”: 从“double”转换到“float”，可能丢失数据
C:\Users\86135\Desktop\GPU_raytracing\GPU_raytracing.cpp(1103,36): warning C4244: “+=”: 从“double”转换到“float”，可能丢失数据
C:\Users\86135\Desktop\GPU_raytracing\GPU_raytracing.cpp(1120,23): warning C4244: “+=”: 从“double”转换到“float”，可能丢失数据
C:\Users\86135\Desktop\GPU_raytracing\GPU_raytracing.cpp(1162,20): warning C4305: “=”: 从“double”到“float”截断
C:\Users\86135\Desktop\GPU_raytracing\GPU_raytracing.cpp(1163,18): warning C4305: “=”: 从“double”到“float”截断
C:\Users\86135\Desktop\GPU_raytracing\GPU_raytracing.cpp(1172,35): warning C4267: “初始化”: 从“size_t”转换到“int”，可能丢失数据
C:\Users\86135\Desktop\GPU_raytracing\GPU_raytracing.cpp(1184,62): warning C4267: “参数”: 从“size_t”转换到“int”，可能丢失数据
C:\Users\86135\Desktop\GPU_raytracing\GPU_raytracing.cpp(1185,27): warning C4267: “初始化”: 从“size_t”转换到“int”，可能丢失数据
C:\Users\86135\Desktop\GPU_raytracing\GPU_raytracing.cpp(1274,81): warning C4267: “参数”: 从“size_t”转换到“GLint”，可能丢失数据
C:\Users\86135\Desktop\GPU_raytracing\GPU_raytracing.cpp(1275,73): warning C4267: “参数”: 从“size_t”转换到“GLint”，可能丢失数据
  GPU_raytracing.vcxproj -> C:\Users\86135\Desktop\GPU_raytracing\x64\Debug\GPU_raytracing.exe
